[0m2023.06.03 17:54:14 INFO  Started: Metals version 0.10.9 in workspace '/Users/tabatamisaki/Desktop/ichikawapc-0603/ink' for client Visual Studio Code 1.56.0.[0m
[0m2023.06.03 17:54:19 INFO  time: initialize in 4.63s[0m
[0m2023.06.03 17:54:19 WARN  Build server is not auto-connectable.[0m
[0m2023.06.03 17:54:21 INFO  running '/Users/tabatamisaki/.sdkman/candidates/java/current/bin/java -Djline.terminal=jline.UnsupportedTerminal -Dsbt.log.noformat=true -Dfile.encoding=UTF-8 -jar /var/folders/sc/6d61zbhn4xsfgpk24jzfz7nm0000gn/T/metals5445370611069336667/sbt-launch.jar -Dbloop.export-jar-classifiers=sources bloopInstall'[0m
[0m2023.06.03 17:54:22 WARN  no build target for: /Users/tabatamisaki/Desktop/ichikawapc-0603/ink/project/metals.sbt[0m
[0m2023.06.03 17:54:22 WARN  no build target for: /Users/tabatamisaki/Desktop/ichikawapc-0603/ink/project/project/metals.sbt[0m
[0m2023.06.03 17:54:22 INFO  skipping build import with status 'Started'[0m
[0m2023.06.03 17:54:25 INFO  [info] welcome to sbt 1.8.2 (Amazon.com Inc. Java 11.0.19)[0m
[0m2023.06.03 17:54:29 INFO  no build target: using presentation compiler with only scala-library: 3.1.0[0m
[0m2023.06.03 17:54:29 INFO  [info] loading settings for project ink-build-build from metals.sbt ...[0m
[0m2023.06.03 17:54:31 INFO  [info] loading project definition from /Users/tabatamisaki/Desktop/ichikawapc-0603/ink/project/project[0m
[0m2023.06.03 17:54:35 INFO  [info] loading settings for project ink-build from metals.sbt ...[0m
[0m2023.06.03 17:54:35 INFO  [info] loading project definition from /Users/tabatamisaki/Desktop/ichikawapc-0603/ink/project[0m
[0m2023.06.03 17:54:39 INFO  [success] Generated .bloop/ink-build.json[0m
[0m2023.06.03 17:54:39 INFO  [success] Total time: 4 s, completed 2023/06/03 17:54:39[0m
[0m2023.06.03 17:54:42 INFO  [info] loading settings for project ink from build.sbt ...[0m
[0m2023.06.03 17:54:42 INFO  [info] set current project to hello-world (in build file:/Users/tabatamisaki/Desktop/ichikawapc-0603/ink/)[0m
[0m2023.06.03 17:54:43 INFO  [success] Generated .bloop/ink.json[0m
[0m2023.06.03 17:54:43 INFO  [success] Generated .bloop/ink-test.json[0m
[0m2023.06.03 17:54:43 INFO  [success] Total time: 1 s, completed 2023/06/03 17:54:43[0m
[0m2023.06.03 17:54:43 INFO  time: ran 'sbt bloopInstall' in 21s[0m
[0m2023.06.03 17:54:43 INFO  Attempting to connect to the build server...[0m
Starting the bsp launcher for bloop...
Opening a bsp server connection with 'bsp --protocol local --socket /var/folders/sc/6d61zbhn4xsfgpk24jzfz7nm0000gn/T/bsp-launcher10015143490434640213/bsp.socket'...
Waiting for the bsp connection to come up...
[0m[32m[D][0m Loading 2 projects from '/Users/tabatamisaki/Desktop/ichikawapc-0603/ink/.bloop'...
[0m[32m[D][0m Loading project from '/Users/tabatamisaki/Desktop/ichikawapc-0603/ink/.bloop/ink-test.json'
[0m[32m[D][0m Loading project from '/Users/tabatamisaki/Desktop/ichikawapc-0603/ink/.bloop/ink.json'
[0m[32m[D][0m Missing analysis file for project 'ink'
[0m[32m[D][0m Missing analysis file for project 'ink-test'
[0m[32m[D][0m Waiting for a connection at local:///var/folders/sc/6d61zbhn4xsfgpk24jzfz7nm0000gn/T/bsp-launcher10015143490434640213/bsp.socket...
The server is listening for incoming connections at local:///var/folders/sc/6d61zbhn4xsfgpk24jzfz7nm0000gn/T/bsp-launcher10015143490434640213/bsp.socket...
Starting thread that pumps stdin and redirects it to the bsp server...
Starting thread that pumps server stdout and redirects it to the client stdout...
[0m2023.06.03 17:54:44 INFO  tracing is disabled for protocol BSP, to enable tracing of incoming and outgoing JSON messages create an empty file at /Users/tabatamisaki/Library/Caches/org.scalameta.metals/bsp.trace.json[0m
[0m2023.06.03 17:54:44 INFO  Attempting to connect to the build server...[0m
Starting the bsp launcher for bloop...
Opening a bsp server connection with 'bsp --protocol local --socket /var/folders/sc/6d61zbhn4xsfgpk24jzfz7nm0000gn/T/bsp-launcher6431302819643997592/bsp.socket'...
Waiting for the bsp connection to come up...
[0m[32m[D][0m Loading workspace settings from bloop.settings.json
[0m[32m[D][0m Waiting for a connection at local:///var/folders/sc/6d61zbhn4xsfgpk24jzfz7nm0000gn/T/bsp-launcher6431302819643997592/bsp.socket...
The server is listening for incoming connections at local:///var/folders/sc/6d61zbhn4xsfgpk24jzfz7nm0000gn/T/bsp-launcher6431302819643997592/bsp.socket...
Starting thread that pumps stdin and redirects it to the bsp server...
Starting thread that pumps server stdout and redirects it to the client stdout...
[0m2023.06.03 17:54:44 INFO  tracing is disabled for protocol BSP, to enable tracing of incoming and outgoing JSON messages create an empty file at /Users/tabatamisaki/Library/Caches/org.scalameta.metals/bsp.trace.json[0m
[0m2023.06.03 17:54:44 INFO  time: Connected to build server in 0.6s[0m
[0m2023.06.03 17:54:44 INFO  Connected to Build server: Bloop v1.4.11[0m
[0m2023.06.03 17:54:51 INFO  time: indexed workspace in 7.46s[0m
[0m2023.06.03 17:54:56 INFO  no build target: using presentation compiler with only scala-library: 2.13.7[0m
[0m2023.06.03 17:55:41 WARN  unsupported Scala 2.13.8[0m
[0m2023.06.03 17:55:41 INFO  compiling ink (1 scala source)[0m
[0m2023.06.03 17:55:43 INFO  time: compiled ink in 1.59s[0m
6月 03, 2023 5:55:57 午後 org.eclipse.lsp4j.jsonrpc.services.GenericEndpoint notify
情報: Unsupported notification method: $/setTrace
scala.MatchError: scala.MatchError: scala.meta.internal.metals.debug.BuildTargetNotFoundException: Build target not found: Main (of class scala.meta.internal.metals.debug.BuildTargetNotFoundException) (of class scala.MatchError)
	at scala.PartialFunction$$anon$1.apply(PartialFunction.scala:259)
	at scala.PartialFunction$$anon$1.apply(PartialFunction.scala:257)
	at scala.meta.internal.metals.debug.DebugProvider$$anonfun$1.applyOrElse(DebugProvider.scala:443)
	at scala.meta.internal.metals.debug.DebugProvider$$anonfun$1.applyOrElse(DebugProvider.scala:443)
	at scala.runtime.AbstractPartialFunction.apply(AbstractPartialFunction.scala:38)
	at scala.util.Success.foreach(Try.scala:253)
	at scala.concurrent.Future.$anonfun$foreach$1$adapted(Future.scala:229)
	at scala.concurrent.impl.CallbackRunnable.run(Promise.scala:64)
	at java.base/java.util.concurrent.ThreadPoolExecutor.runWorker(ThreadPoolExecutor.java:1128)
	at java.base/java.util.concurrent.ThreadPoolExecutor$Worker.run(ThreadPoolExecutor.java:628)
	at java.base/java.lang.Thread.run(Thread.java:829)
6月 03, 2023 5:56:22 午後 org.eclipse.lsp4j.jsonrpc.RemoteEndpoint fallbackResponseError
重大: Internal error: scala.MatchError: scala.meta.internal.metals.debug.BuildTargetNotFoundException: Build target not found: Main (of class scala.meta.internal.metals.debug.BuildTargetNotFoundException)
java.util.concurrent.CompletionException: scala.MatchError: scala.meta.internal.metals.debug.BuildTargetNotFoundException: Build target not found: Main (of class scala.meta.internal.metals.debug.BuildTargetNotFoundException)
	at java.base/java.util.concurrent.CompletableFuture.encodeThrowable(CompletableFuture.java:331)
	at java.base/java.util.concurrent.CompletableFuture.completeThrowable(CompletableFuture.java:346)
	at java.base/java.util.concurrent.CompletableFuture$UniAccept.tryFire(CompletableFuture.java:704)
	at java.base/java.util.concurrent.CompletableFuture.postComplete(CompletableFuture.java:506)
	at java.base/java.util.concurrent.CompletableFuture.completeExceptionally(CompletableFuture.java:2088)
	at scala.concurrent.java8.FuturesConvertersImpl$CF.apply(FutureConvertersImpl.scala:29)
	at scala.concurrent.java8.FuturesConvertersImpl$CF.apply(FutureConvertersImpl.scala:26)
	at scala.concurrent.impl.CallbackRunnable.run(Promise.scala:64)
	at scala.concurrent.BatchingExecutor$Batch.processBatch$1(BatchingExecutor.scala:67)
	at scala.concurrent.BatchingExecutor$Batch.$anonfun$run$1(BatchingExecutor.scala:82)
	at scala.runtime.java8.JFunction0$mcV$sp.apply(JFunction0$mcV$sp.java:23)
	at scala.concurrent.BlockContext$.withBlockContext(BlockContext.scala:85)
	at scala.concurrent.BatchingExecutor$Batch.run(BatchingExecutor.scala:59)
	at scala.concurrent.Future$InternalCallbackExecutor$.unbatchedExecute(Future.scala:875)
	at scala.concurrent.BatchingExecutor.execute(BatchingExecutor.scala:110)
	at scala.concurrent.BatchingExecutor.execute$(BatchingExecutor.scala:107)
	at scala.concurrent.Future$InternalCallbackExecutor$.execute(Future.scala:873)
	at scala.concurrent.impl.CallbackRunnable.executeWithValue(Promise.scala:72)
	at scala.concurrent.impl.Promise$DefaultPromise.$anonfun$tryComplete$1(Promise.scala:288)
	at scala.concurrent.impl.Promise$DefaultPromise.$anonfun$tryComplete$1$adapted(Promise.scala:288)
	at scala.concurrent.impl.Promise$DefaultPromise.tryComplete(Promise.scala:288)
	at scala.concurrent.Promise.complete(Promise.scala:53)
	at scala.concurrent.Promise.complete$(Promise.scala:52)
	at scala.concurrent.impl.Promise$DefaultPromise.complete(Promise.scala:187)
	at scala.concurrent.impl.Promise.$anonfun$transformWith$1(Promise.scala:42)
	at scala.concurrent.impl.CallbackRunnable.run(Promise.scala:64)
	at java.base/java.util.concurrent.ThreadPoolExecutor.runWorker(ThreadPoolExecutor.java:1128)
	at java.base/java.util.concurrent.ThreadPoolExecutor$Worker.run(ThreadPoolExecutor.java:628)
	at java.base/java.lang.Thread.run(Thread.java:829)
Caused by: scala.MatchError: scala.meta.internal.metals.debug.BuildTargetNotFoundException: Build target not found: Main (of class scala.meta.internal.metals.debug.BuildTargetNotFoundException)
	at scala.meta.internal.metals.debug.BuildTargetClassesFinder$$anonfun$findMainClassAndItsBuildTarget$4.applyOrElse(BuildTargetClassesFinder.scala:38)
	at scala.meta.internal.metals.debug.BuildTargetClassesFinder$$anonfun$findMainClassAndItsBuildTarget$4.applyOrElse(BuildTargetClassesFinder.scala:37)
	at scala.runtime.AbstractPartialFunction.apply(AbstractPartialFunction.scala:38)
	at scala.util.Failure.recoverWith(Try.scala:236)
	at scala.meta.internal.metals.debug.BuildTargetClassesFinder.findMainClassAndItsBuildTarget(BuildTargetClassesFinder.scala:37)
	at scala.meta.internal.metals.debug.DebugProvider.$anonfun$resolveMainClassParams$1(DebugProvider.scala:355)
	at scala.meta.internal.metals.debug.DebugProvider.withRebuildRetry(DebugProvider.scala:571)
	at scala.meta.internal.metals.debug.DebugProvider.resolveMainClassParams(DebugProvider.scala:351)
	at scala.meta.internal.metals.MetalsLanguageServer.executeCommand(MetalsLanguageServer.scala:1726)
	at java.base/jdk.internal.reflect.NativeMethodAccessorImpl.invoke0(Native Method)
	at java.base/jdk.internal.reflect.NativeMethodAccessorImpl.invoke(NativeMethodAccessorImpl.java:62)
	at java.base/jdk.internal.reflect.DelegatingMethodAccessorImpl.invoke(DelegatingMethodAccessorImpl.java:43)
	at java.base/java.lang.reflect.Method.invoke(Method.java:566)
	at org.eclipse.lsp4j.jsonrpc.services.GenericEndpoint.lambda$null$0(GenericEndpoint.java:65)
	at org.eclipse.lsp4j.jsonrpc.services.GenericEndpoint.request(GenericEndpoint.java:120)
	at org.eclipse.lsp4j.jsonrpc.RemoteEndpoint.handleRequest(RemoteEndpoint.java:261)
	at org.eclipse.lsp4j.jsonrpc.RemoteEndpoint.consume(RemoteEndpoint.java:190)
	at org.eclipse.lsp4j.jsonrpc.json.StreamMessageProducer.handleMessage(StreamMessageProducer.java:194)
	at org.eclipse.lsp4j.jsonrpc.json.StreamMessageProducer.listen(StreamMessageProducer.java:94)
	at org.eclipse.lsp4j.jsonrpc.json.ConcurrentMessageProcessor.run(ConcurrentMessageProcessor.java:113)
	at java.base/java.util.concurrent.Executors$RunnableAdapter.call(Executors.java:515)
	at java.base/java.util.concurrent.FutureTask.run(FutureTask.java:264)
	... 3 more

6月 03, 2023 5:57:02 午後 org.eclipse.lsp4j.jsonrpc.services.GenericEndpoint notify
情報: Unsupported notification method: $/setTrace
[0m2023.06.03 17:57:20 WARN  Error downloading ch.epfl.scala:scala-expression-compiler_2.13.8:2.0.11
  not found: /Users/tabatamisaki/.ivy2/local/ch.epfl.scala/scala-expression-compiler_2.13.8/2.0.11/ivys/ivy.xml
  not found: https://repo1.maven.org/maven2/ch/epfl/scala/scala-expression-compiler_2.13.8/2.0.11/scala-expression-compiler_2.13.8-2.0.11.pom[0m
[0m2023.06.03 17:57:20 WARN  Expression evaluation will not work.[0m
[0m2023.06.03 17:57:20 INFO  tracing is disabled for protocol dap-server, to enable tracing of incoming and outgoing JSON messages create an empty file at /Users/tabatamisaki/Library/Caches/org.scalameta.metals/dap-server.trace.json[0m
[0m2023.06.03 17:57:20 INFO  tracing is disabled for protocol dap-client, to enable tracing of incoming and outgoing JSON messages create an empty file at /Users/tabatamisaki/Library/Caches/org.scalameta.metals/dap-client.trace.json[0m
[0m2023.06.03 17:57:20 INFO  Starting debug proxy for [Main][0m
[0m2023.06.03 17:57:22 INFO  Trying to attach to remote debuggee VM localhost:52431 .[0m
[0m2023.06.03 17:57:22 INFO  Attaching to debuggee VM succeeded.[0m
[0m2023.06.03 17:57:22 INFO  Canceling debug proxy for [Main][0m
[0m2023.06.03 17:57:22 INFO  Closing debug server tcp://0.0.0.0:52428[0m
6月 03, 2023 5:57:22 午後 org.eclipse.lsp4j.jsonrpc.json.StreamMessageProducer fireError
重大: java.net.SocketException: Socket closed
org.eclipse.lsp4j.jsonrpc.JsonRpcException: java.net.SocketException: Socket closed
	at org.eclipse.lsp4j.jsonrpc.json.StreamMessageConsumer.consume(StreamMessageConsumer.java:72)
	at scala.meta.internal.metals.debug.SocketEndpoint.consume(SocketEndpoint.scala:22)
	at scala.meta.internal.metals.debug.MessageIdAdapter.consume(MessageIdAdapter.scala:43)
	at scala.meta.internal.metals.debug.ServerAdapter.send(ServerAdapter.scala:30)
	at scala.meta.internal.metals.debug.DebugProxy.$anonfun$handleClientMessage$1(DebugProxy.scala:137)
	at scala.meta.internal.metals.debug.MessageIdAdapter.$anonfun$listen$1(MessageIdAdapter.scala:57)
	at org.eclipse.lsp4j.jsonrpc.json.StreamMessageProducer.handleMessage(StreamMessageProducer.java:194)
	at org.eclipse.lsp4j.jsonrpc.json.StreamMessageProducer.listen(StreamMessageProducer.java:94)
	at scala.meta.internal.metals.debug.SocketEndpoint.listen(SocketEndpoint.scala:26)
	at scala.meta.internal.metals.debug.MessageIdAdapter.listen(MessageIdAdapter.scala:47)
	at scala.meta.internal.metals.debug.DebugProxy.$anonfun$listenToClient$1(DebugProxy.scala:62)
	at scala.runtime.java8.JFunction0$mcV$sp.apply(JFunction0$mcV$sp.java:23)
	at scala.concurrent.Future$.$anonfun$apply$1(Future.scala:659)
	at scala.util.Success.$anonfun$map$1(Try.scala:255)
	at scala.util.Success.map(Try.scala:213)
	at scala.concurrent.Future.$anonfun$map$1(Future.scala:292)
	at scala.concurrent.impl.Promise.liftedTree1$1(Promise.scala:33)
	at scala.concurrent.impl.Promise.$anonfun$transform$1(Promise.scala:33)
	at scala.concurrent.impl.CallbackRunnable.run(Promise.scala:64)
	at java.base/java.util.concurrent.ThreadPoolExecutor.runWorker(ThreadPoolExecutor.java:1128)
	at java.base/java.util.concurrent.ThreadPoolExecutor$Worker.run(ThreadPoolExecutor.java:628)
	at java.base/java.lang.Thread.run(Thread.java:829)
Caused by: java.net.SocketException: Socket closed
	at java.base/java.net.SocketOutputStream.socketWrite(SocketOutputStream.java:113)
	at java.base/java.net.SocketOutputStream.write(SocketOutputStream.java:150)
	at java.base/java.io.BufferedOutputStream.flushBuffer(BufferedOutputStream.java:81)
	at java.base/java.io.BufferedOutputStream.flush(BufferedOutputStream.java:142)
	at org.eclipse.lsp4j.jsonrpc.json.StreamMessageConsumer.consume(StreamMessageConsumer.java:69)
	... 21 more

[0m2023.06.15 23:34:28 WARN  unsupported Scala 2.13.8[0m
[0m2023.06.15 23:34:28 WARN  unsupported Scala 2.13.8[0m
[0m2023.06.15 23:34:58 WARN  Error downloading ch.epfl.scala:scala-expression-compiler_2.13.8:2.0.11
  not found: /Users/tabatamisaki/.ivy2/local/ch.epfl.scala/scala-expression-compiler_2.13.8/2.0.11/ivys/ivy.xml
  not found: https://repo1.maven.org/maven2/ch/epfl/scala/scala-expression-compiler_2.13.8/2.0.11/scala-expression-compiler_2.13.8-2.0.11.pom[0m
[0m2023.06.15 23:34:58 WARN  Expression evaluation will not work.[0m
[0m2023.06.15 23:34:58 INFO  tracing is disabled for protocol dap-server, to enable tracing of incoming and outgoing JSON messages create an empty file at /Users/tabatamisaki/Library/Caches/org.scalameta.metals/dap-server.trace.json[0m
[0m2023.06.15 23:34:58 INFO  tracing is disabled for protocol dap-client, to enable tracing of incoming and outgoing JSON messages create an empty file at /Users/tabatamisaki/Library/Caches/org.scalameta.metals/dap-client.trace.json[0m
[0m2023.06.15 23:34:58 INFO  Starting debug proxy for [Main][0m
[0m2023.06.15 23:35:00 INFO  Trying to attach to remote debuggee VM localhost:54184 .[0m
[0m2023.06.15 23:35:00 INFO  Attaching to debuggee VM succeeded.[0m
[0m2023.06.15 23:35:01 INFO  Canceling debug proxy for [Main][0m
[0m2023.06.15 23:35:00 INFO  Closing debug server tcp://0.0.0.0:54181[0m
6月 15, 2023 11:39:25 午後 org.eclipse.lsp4j.jsonrpc.services.GenericEndpoint notify
情報: Unsupported notification method: $/setTrace
[0m2023.06.15 23:40:46 WARN  unsupported Scala 2.12.17[0m
[0m2023.07.04 21:41:59 INFO  shutting down Metals[0m
[0m2023.07.04 21:41:59 INFO  Shut down connection with build server.[0m
[0m2023.07.04 21:41:59 INFO  Shut down connection with build server.[0m
No more data in the client stdin, exiting...
No more data in the server stdin, exiting...
No more data in the client stdin, exiting...
No more data in the server stdin, exiting...
No more data in the server stdin, exiting...
No more data in the server stdin, exiting...
[0m2023.08.05 15:56:07 INFO  Started: Metals version 0.10.9 in workspace '/Users/tabatamisaki/Desktop/ichikawapc-0603/ink' for client Visual Studio Code 1.56.0.[0m
[0m2023.08.05 15:56:12 INFO  time: initialize in 4.49s[0m
[0m2023.08.05 15:56:13 INFO  Attempting to connect to the build server...[0m
Starting the bsp launcher for bloop...
Opening a bsp server connection with 'bsp --protocol local --socket /var/folders/sc/6d61zbhn4xsfgpk24jzfz7nm0000gn/T/bsp-launcher5280609696651827558/bsp.socket'...
Waiting for the bsp connection to come up...
[0m2023.08.05 15:56:13 INFO  skipping build import with status 'Requested'[0m
Waiting for the bsp connection to come up...
Waiting for the bsp connection to come up...
Waiting for the bsp connection to come up...
Waiting for the bsp connection to come up...
Waiting for the bsp connection to come up...
[0m2023.08.05 15:56:20 INFO  no build target: using presentation compiler with only scala-library: 3.1.0[0m
Waiting for the bsp connection to come up...
No server running at 127.0.0.1:8212, let's fire one...
Resolving ch.epfl.scala:bloop-frontend_2.12:1.4.11...
Starting bloop server at 127.0.0.1:8212...
Attempting a connection to the server...
Attempting a connection to the server...
Attempting a connection to the server...
Attempting a connection to the server...
Attempting a connection to the server...
Attempting a connection to the server...
[0m[32m[D][0m Loading workspace settings from bloop.settings.json
[0m[32m[D][0m Loading 2 projects from '/Users/tabatamisaki/Desktop/ichikawapc-0603/ink/.bloop'...
[0m[32m[D][0m Loading project from '/Users/tabatamisaki/Desktop/ichikawapc-0603/ink/.bloop/ink-test.json'
[0m[32m[D][0m Loading project from '/Users/tabatamisaki/Desktop/ichikawapc-0603/ink/.bloop/ink.json'
[0m[32m[D][0m Cache miss for scala instance org.scala-lang:scala-compiler:2.13.8.
[0m[32m[D][0m   => /Users/tabatamisaki/Library/Caches/Coursier/v1/https/repo1.maven.org/maven2/net/java/dev/jna/jna/5.9.0/jna-5.9.0.jar
[0m[32m[D][0m   => /Users/tabatamisaki/Library/Caches/Coursier/v1/https/repo1.maven.org/maven2/org/jline/jline/3.21.0/jline-3.21.0.jar
[0m[32m[D][0m   => /Users/tabatamisaki/Library/Caches/Coursier/v1/https/repo1.maven.org/maven2/org/scala-lang/scala-compiler/2.13.8/scala-compiler-2.13.8.jar
[0m[32m[D][0m   => /Users/tabatamisaki/Library/Caches/Coursier/v1/https/repo1.maven.org/maven2/org/scala-lang/scala-library/2.13.8/scala-library-2.13.8.jar
[0m[32m[D][0m   => /Users/tabatamisaki/Library/Caches/Coursier/v1/https/repo1.maven.org/maven2/org/scala-lang/scala-reflect/2.13.8/scala-reflect-2.13.8.jar
[0m[32m[D][0m Skipped configuration of SemanticDB in unsupported 2.13.8 projects
[0m[32m[D][0m Missing analysis file for project 'ink-test'
[0m[32m[D][0m Loading previous analysis for 'ink' from '/Users/tabatamisaki/Desktop/ichikawapc-0603/ink/target/streams/compile/bloopAnalysisOut/_global/streams/inc_compile_2.13.zip'.
[0m[32m[D][0m Waiting for a connection at local:///var/folders/sc/6d61zbhn4xsfgpk24jzfz7nm0000gn/T/bsp-launcher5280609696651827558/bsp.socket...
The server is listening for incoming connections at local:///var/folders/sc/6d61zbhn4xsfgpk24jzfz7nm0000gn/T/bsp-launcher5280609696651827558/bsp.socket...
Starting thread that pumps stdin and redirects it to the bsp server...
Starting thread that pumps server stdout and redirects it to the client stdout...
[0m2023.08.05 15:56:21 INFO  tracing is disabled for protocol BSP, to enable tracing of incoming and outgoing JSON messages create an empty file at /Users/tabatamisaki/Library/Caches/org.scalameta.metals/bsp.trace.json[0m
[0m2023.08.05 15:56:21 INFO  Attempting to connect to the build server...[0m
Starting the bsp launcher for bloop...
Opening a bsp server connection with 'bsp --protocol local --socket /var/folders/sc/6d61zbhn4xsfgpk24jzfz7nm0000gn/T/bsp-launcher15870770545080994209/bsp.socket'...
Waiting for the bsp connection to come up...
[0m[32m[D][0m Loading workspace settings from bloop.settings.json
[0m[32m[D][0m Waiting for a connection at local:///var/folders/sc/6d61zbhn4xsfgpk24jzfz7nm0000gn/T/bsp-launcher15870770545080994209/bsp.socket...
The server is listening for incoming connections at local:///var/folders/sc/6d61zbhn4xsfgpk24jzfz7nm0000gn/T/bsp-launcher15870770545080994209/bsp.socket...
Starting thread that pumps stdin and redirects it to the bsp server...
Starting thread that pumps server stdout and redirects it to the client stdout...
[0m2023.08.05 15:56:22 INFO  tracing is disabled for protocol BSP, to enable tracing of incoming and outgoing JSON messages create an empty file at /Users/tabatamisaki/Library/Caches/org.scalameta.metals/bsp.trace.json[0m
[0m2023.08.05 15:56:22 INFO  time: Connected to build server in 9.32s[0m
[0m2023.08.05 15:56:22 INFO  Connected to Build server: Bloop v1.4.11[0m
[0m2023.08.05 15:56:23 INFO  time: code lens generation in 10s[0m
[0m2023.08.05 15:56:23 INFO  time: Imported build in 0.18s[0m
[0m2023.08.05 15:56:28 INFO  time: indexed workspace in 5.17s[0m
[0m2023.08.05 15:56:28 WARN  unsupported Scala 2.13.8[0m
[0m2023.08.05 15:56:29 INFO  compiling ink (1 scala source)[0m
[0m2023.08.05 15:56:33 INFO  no build target: using presentation compiler with only scala-library: 2.13.7[0m
[0m2023.08.05 15:56:33 INFO  time: compiled ink in 4.58s[0m
[0m2023.08.05 15:56:33 WARN  unsupported Scala 2.13.8[0m
[0m2023.08.05 15:56:34 INFO  compiling ink (1 scala source)[0m
[0m2023.08.05 15:56:34 INFO  time: compiled ink in 0.45s[0m
[0m2023.08.05 15:57:14 WARN  unsupported Scala 2.13.8[0m
[0m2023.08.05 15:57:40 WARN  unsupported Scala 2.13.8[0m
[0m2023.08.05 15:57:40 WARN  unsupported Scala 2.13.8[0m
[0m2023.08.05 16:08:22 WARN  unsupported Scala 2.13.8[0m
[0m2023.08.05 16:12:48 WARN  unsupported Scala 2.13.8[0m
[0m2023.08.05 16:12:48 WARN  unsupported Scala 2.13.8[0m
[0m2023.08.05 16:12:50 WARN  unsupported Scala 2.13.8[0m
[0m2023.08.05 16:13:03 WARN  unsupported Scala 2.13.8[0m
[0m2023.08.05 16:13:03 WARN  unsupported Scala 2.13.8[0m
[0m2023.08.05 16:13:06 WARN  unsupported Scala 2.13.8[0m
[0m2023.08.05 16:13:06 WARN  unsupported Scala 2.13.8[0m
[0m2023.08.05 16:13:06 WARN  unsupported Scala 2.13.8[0m
[0m2023.08.05 16:13:10 WARN  unsupported Scala 2.13.8[0m
[0m2023.08.05 16:13:23 WARN  unsupported Scala 2.13.8[0m
[0m2023.08.05 16:13:23 WARN  unsupported Scala 2.13.8[0m
[0m2023.08.05 16:13:37 INFO  /Users/tabatamisaki/Desktop/ichikawapc-0603/ink/src/main/scala/Main.scala:1:8: stale bloop error: not found: object net
import net.sourceforge.tess4j.Tesseract
       ^^^[0m
[0m2023.08.05 16:13:37 INFO  /Users/tabatamisaki/Desktop/ichikawapc-0603/ink/src/main/scala/Main.scala:27:24: stale bloop error: not found: type Tesseract
    val instance = new Tesseract()
                       ^^^^^^^^^[0m
[0m2023.08.05 16:13:37 INFO  /Users/tabatamisaki/Desktop/ichikawapc-0603/ink/src/main/scala/Main.scala:1:8: stale bloop error: not found: object net
import net.sourceforge.tess4j.Tesseract
       ^^^[0m
[0m2023.08.05 16:13:37 INFO  /Users/tabatamisaki/Desktop/ichikawapc-0603/ink/src/main/scala/Main.scala:27:24: stale bloop error: not found: type Tesseract
    val instance = new Tesseract()
                       ^^^^^^^^^[0m
[0m2023.08.05 16:13:41 WARN  unsupported Scala 2.13.8[0m
[0m2023.08.05 16:13:41 WARN  unsupported Scala 2.13.8[0m
[0m2023.08.05 16:13:55 WARN  unsupported Scala 2.13.8[0m
[0m2023.08.05 16:13:55 WARN  unsupported Scala 2.13.8[0m
[0m2023.08.05 16:13:55 WARN  unsupported Scala 2.13.8[0m
[0m2023.08.05 16:14:35 WARN  unsupported Scala 2.13.8[0m
[0m2023.08.05 16:16:55 WARN  unsupported Scala 2.13.8[0m
[0m2023.08.05 16:16:55 WARN  unsupported Scala 2.13.8[0m
[0m2023.08.05 16:16:55 WARN  unsupported Scala 2.13.8[0m
[0m2023.08.05 16:16:56 WARN  unsupported Scala 2.13.8[0m
[0m2023.08.05 16:16:56 WARN  unsupported Scala 2.13.8[0m
[0m2023.08.05 16:18:32 INFO  shutting down Metals[0m
[0m2023.08.05 16:18:32 INFO  Shut down connection with build server.[0m
[0m2023.08.05 16:18:32 INFO  Shut down connection with build server.[0m
No more data in the client stdin, exiting...
No more data in the client stdin, exiting...
No more data in the server stdin, exiting...
No more data in the server stdin, exiting...
No more data in the server stdin, exiting...
No more data in the server stdin, exiting...
[0m2023.08.05 16:18:50 INFO  Started: Metals version 0.10.9 in workspace '/Users/tabatamisaki/Desktop/ichikawapc-0603/ink' for client Visual Studio Code 1.56.0.[0m
[0m2023.08.05 16:18:54 INFO  time: initialize in 4.42s[0m
[0m2023.08.05 16:18:55 INFO  Attempting to connect to the build server...[0m
Starting the bsp launcher for bloop...
Opening a bsp server connection with 'bsp --protocol local --socket /var/folders/sc/6d61zbhn4xsfgpk24jzfz7nm0000gn/T/bsp-launcher7027914919696924007/bsp.socket'...
Waiting for the bsp connection to come up...
[0m[32m[D][0m Loading workspace settings from bloop.settings.json
[0m[32m[D][0m Waiting for a connection at local:///var/folders/sc/6d61zbhn4xsfgpk24jzfz7nm0000gn/T/bsp-launcher7027914919696924007/bsp.socket...
The server is listening for incoming connections at local:///var/folders/sc/6d61zbhn4xsfgpk24jzfz7nm0000gn/T/bsp-launcher7027914919696924007/bsp.socket...
[0m2023.08.05 16:18:55 INFO  skipping build import with status 'Requested'[0m
Starting thread that pumps stdin and redirects it to the bsp server...
Starting thread that pumps server stdout and redirects it to the client stdout...
[0m2023.08.05 16:18:56 INFO  tracing is disabled for protocol BSP, to enable tracing of incoming and outgoing JSON messages create an empty file at /Users/tabatamisaki/Library/Caches/org.scalameta.metals/bsp.trace.json[0m
[0m2023.08.05 16:18:56 INFO  Attempting to connect to the build server...[0m
Starting the bsp launcher for bloop...
Opening a bsp server connection with 'bsp --protocol local --socket /var/folders/sc/6d61zbhn4xsfgpk24jzfz7nm0000gn/T/bsp-launcher1710239739482403431/bsp.socket'...
Waiting for the bsp connection to come up...
[0m[32m[D][0m Loading workspace settings from bloop.settings.json
[0m[32m[D][0m Waiting for a connection at local:///var/folders/sc/6d61zbhn4xsfgpk24jzfz7nm0000gn/T/bsp-launcher1710239739482403431/bsp.socket...
The server is listening for incoming connections at local:///var/folders/sc/6d61zbhn4xsfgpk24jzfz7nm0000gn/T/bsp-launcher1710239739482403431/bsp.socket...
Starting thread that pumps stdin and redirects it to the bsp server...
Starting thread that pumps server stdout and redirects it to the client stdout...
[0m2023.08.05 16:18:56 INFO  tracing is disabled for protocol BSP, to enable tracing of incoming and outgoing JSON messages create an empty file at /Users/tabatamisaki/Library/Caches/org.scalameta.metals/bsp.trace.json[0m
[0m2023.08.05 16:18:56 INFO  time: Connected to build server in 1.61s[0m
[0m2023.08.05 16:18:56 INFO  Connected to Build server: Bloop v1.4.11[0m
[0m2023.08.05 16:19:03 INFO  no build target: using presentation compiler with only scala-library: 3.1.0[0m
[0m2023.08.05 16:19:04 INFO  time: code lens generation in 7.61s[0m
[0m2023.08.05 16:19:04 INFO  time: Imported build in 0.18s[0m
[0m2023.08.05 16:19:09 INFO  no build target: using presentation compiler with only scala-library: 3.1.0[0m
[0m2023.08.05 16:19:09 WARN  unsupported Scala 2.13.8[0m
[0m2023.08.05 16:19:10 INFO  time: indexed workspace in 6.14s[0m
[0m2023.08.05 16:19:10 WARN  unsupported Scala 2.13.8[0m
[0m2023.08.05 16:19:10 INFO  compiling ink (1 scala source)[0m
[0m2023.08.05 16:19:14 INFO  no build target: using presentation compiler with only scala-library: 2.13.7[0m
[0m2023.08.05 16:19:14 WARN  unsupported Scala 2.13.8[0m
[0m2023.08.05 16:19:14 INFO  time: compiled ink in 3.77s[0m
[0m2023.08.05 16:19:14 WARN  unsupported Scala 2.13.8[0m
[0m2023.08.05 16:19:14 INFO  compiling ink (1 scala source)[0m
[0m2023.08.05 16:19:14 WARN  unsupported Scala 2.13.8[0m
[0m2023.08.05 16:19:14 INFO  time: compiled ink in 0.46s[0m
[0m2023.08.05 16:21:52 WARN  unsupported Scala 2.13.8[0m
[0m2023.08.05 16:21:52 WARN  unsupported Scala 2.13.8[0m
[0m2023.08.05 16:21:52 WARN  unsupported Scala 2.13.8[0m
[0m2023.08.05 16:21:53 WARN  unsupported Scala 2.13.8[0m
[0m2023.08.05 16:21:55 WARN  unsupported Scala 2.13.8[0m
[0m2023.08.05 16:21:55 WARN  unsupported Scala 2.13.8[0m
[0m2023.08.05 16:21:57 WARN  unsupported Scala 2.13.8[0m
[0m2023.08.05 16:21:58 WARN  unsupported Scala 2.13.8[0m
[0m2023.08.05 16:22:00 WARN  unsupported Scala 2.13.8[0m
[0m2023.08.05 16:22:00 WARN  unsupported Scala 2.13.8[0m
[0m2023.08.05 16:22:00 WARN  unsupported Scala 2.13.8[0m
[0m2023.08.05 16:22:01 WARN  unsupported Scala 2.13.8[0m
[0m2023.08.05 16:22:01 WARN  unsupported Scala 2.13.8[0m
[0m2023.08.05 16:22:06 WARN  unsupported Scala 2.13.8[0m
[0m2023.08.05 16:24:17 WARN  unsupported Scala 2.13.8[0m
[0m2023.08.05 16:24:17 WARN  unsupported Scala 2.13.8[0m
[0m2023.08.05 16:26:47 WARN  unsupported Scala 2.13.8[0m
[0m2023.08.05 16:29:59 WARN  unsupported Scala 2.13.8[0m
[0m2023.08.05 16:29:59 WARN  unsupported Scala 2.13.8[0m
[0m2023.08.05 16:29:59 WARN  unsupported Scala 2.13.8[0m
[0m2023.08.05 16:32:44 WARN  unsupported Scala 2.13.8[0m
[0m2023.08.05 16:32:49 WARN  unsupported Scala 2.13.8[0m
[0m2023.08.05 16:32:49 WARN  unsupported Scala 2.13.8[0m
[0m2023.08.05 16:33:02 WARN  unsupported Scala 2.13.8[0m
[0m2023.08.05 16:34:28 WARN  unsupported Scala 2.13.8[0m
[0m2023.08.05 16:34:43 INFO  /Users/tabatamisaki/Desktop/ichikawapc-0603/ink/src/main/scala/Main.scala:1:8: stale bloop error: not found: object net
import net.sourceforge.tess4j.Tesseract
       ^^^[0m
[0m2023.08.05 16:34:43 INFO  /Users/tabatamisaki/Desktop/ichikawapc-0603/ink/src/main/scala/Main.scala:28:24: stale bloop error: not found: type Tesseract
    val instance = new Tesseract()
                       ^^^^^^^^^[0m
[0m2023.08.05 16:34:43 INFO  /Users/tabatamisaki/Desktop/ichikawapc-0603/ink/src/main/scala/Main.scala:1:8: stale bloop error: not found: object net
import net.sourceforge.tess4j.Tesseract
       ^^^[0m
[0m2023.08.05 16:34:43 INFO  /Users/tabatamisaki/Desktop/ichikawapc-0603/ink/src/main/scala/Main.scala:28:24: stale bloop error: not found: type Tesseract
    val instance = new Tesseract()
                       ^^^^^^^^^[0m
[0m2023.08.05 16:34:43 INFO  /Users/tabatamisaki/Desktop/ichikawapc-0603/ink/src/main/scala/Main.scala:1:8: stale bloop error: not found: object net
import net.sourceforge.tess4j.Tesseract
       ^^^[0m
[0m2023.08.05 16:34:43 INFO  /Users/tabatamisaki/Desktop/ichikawapc-0603/ink/src/main/scala/Main.scala:28:24: stale bloop error: not found: type Tesseract
    val instance = new Tesseract()
                       ^^^^^^^^^[0m
[0m2023.08.05 16:34:43 WARN  unsupported Scala 2.13.8[0m
[0m2023.08.05 16:34:44 INFO  /Users/tabatamisaki/Desktop/ichikawapc-0603/ink/src/main/scala/Main.scala:1:8: stale bloop error: not found: object net
import net.sourceforge.tess4j.Tesseract
       ^^^[0m
[0m2023.08.05 16:34:44 INFO  /Users/tabatamisaki/Desktop/ichikawapc-0603/ink/src/main/scala/Main.scala:28:24: stale bloop error: not found: type Tesseract
    val instance = new Tesseract()
                       ^^^^^^^^^[0m
[0m2023.08.05 16:36:02 WARN  unsupported Scala 2.13.8[0m
[0m2023.08.05 16:36:02 WARN  unsupported Scala 2.13.8[0m
[0m2023.08.05 16:36:03 WARN  unsupported Scala 2.13.8[0m
[0m2023.08.05 16:36:03 WARN  unsupported Scala 2.13.8[0m
[0m2023.08.05 16:36:03 WARN  unsupported Scala 2.13.8[0m
[0m2023.08.05 16:36:06 WARN  unsupported Scala 2.13.8[0m
[0m2023.08.05 16:36:06 WARN  unsupported Scala 2.13.8[0m
[0m2023.08.05 16:36:46 WARN  unsupported Scala 2.13.8[0m
[0m2023.08.05 16:36:52 WARN  unsupported Scala 2.13.8[0m
[0m2023.08.05 16:36:52 WARN  unsupported Scala 2.13.8[0m
[0m2023.08.05 16:36:54 WARN  unsupported Scala 2.13.8[0m
[0m2023.08.05 16:37:00 WARN  unsupported Scala 2.13.8[0m
[0m2023.08.05 16:39:23 INFO  shutting down Metals[0m
[0m2023.08.05 16:39:23 INFO  Shut down connection with build server.[0m
[0m2023.08.05 16:39:23 INFO  Shut down connection with build server.[0m
No more data in the server stdin, exiting...
No more data in the client stdin, exiting...
No more data in the server stdin, exiting...
No more data in the server stdin, exiting...
No more data in the server stdin, exiting...
No more data in the client stdin, exiting...
[0m2023.08.05 16:40:08 INFO  Started: Metals version 0.10.9 in workspace '/Users/tabatamisaki/Desktop/ichikawapc-0603/ink' for client Visual Studio Code 1.56.0.[0m
[0m2023.08.05 16:40:12 INFO  time: initialize in 4.47s[0m
[0m2023.08.05 16:40:13 INFO  Attempting to connect to the build server...[0m
Starting the bsp launcher for bloop...
Opening a bsp server connection with 'bsp --protocol local --socket /var/folders/sc/6d61zbhn4xsfgpk24jzfz7nm0000gn/T/bsp-launcher10743228980212856613/bsp.socket'...
Waiting for the bsp connection to come up...
[0m[32m[D][0m Loading workspace settings from bloop.settings.json
[0m[32m[D][0m Waiting for a connection at local:///var/folders/sc/6d61zbhn4xsfgpk24jzfz7nm0000gn/T/bsp-launcher10743228980212856613/bsp.socket...
The server is listening for incoming connections at local:///var/folders/sc/6d61zbhn4xsfgpk24jzfz7nm0000gn/T/bsp-launcher10743228980212856613/bsp.socket...
[0m2023.08.05 16:40:13 INFO  skipping build import with status 'Requested'[0m
Starting thread that pumps stdin and redirects it to the bsp server...
Starting thread that pumps server stdout and redirects it to the client stdout...
[0m2023.08.05 16:40:14 INFO  tracing is disabled for protocol BSP, to enable tracing of incoming and outgoing JSON messages create an empty file at /Users/tabatamisaki/Library/Caches/org.scalameta.metals/bsp.trace.json[0m
[0m2023.08.05 16:40:14 INFO  Attempting to connect to the build server...[0m
Starting the bsp launcher for bloop...
Opening a bsp server connection with 'bsp --protocol local --socket /var/folders/sc/6d61zbhn4xsfgpk24jzfz7nm0000gn/T/bsp-launcher10151646573398453214/bsp.socket'...
Waiting for the bsp connection to come up...
[0m[32m[D][0m Loading workspace settings from bloop.settings.json
[0m[32m[D][0m Waiting for a connection at local:///var/folders/sc/6d61zbhn4xsfgpk24jzfz7nm0000gn/T/bsp-launcher10151646573398453214/bsp.socket...
The server is listening for incoming connections at local:///var/folders/sc/6d61zbhn4xsfgpk24jzfz7nm0000gn/T/bsp-launcher10151646573398453214/bsp.socket...
Starting thread that pumps stdin and redirects it to the bsp server...
Starting thread that pumps server stdout and redirects it to the client stdout...
[0m2023.08.05 16:40:14 INFO  tracing is disabled for protocol BSP, to enable tracing of incoming and outgoing JSON messages create an empty file at /Users/tabatamisaki/Library/Caches/org.scalameta.metals/bsp.trace.json[0m
[0m2023.08.05 16:40:14 INFO  time: Connected to build server in 1.82s[0m
[0m2023.08.05 16:40:14 INFO  Connected to Build server: Bloop v1.4.11[0m
[0m2023.08.05 16:40:21 INFO  no build target: using presentation compiler with only scala-library: 3.1.0[0m
[0m2023.08.05 16:40:22 INFO  time: code lens generation in 7.72s[0m
[0m2023.08.05 16:40:22 INFO  time: Imported build in 0.11s[0m
[0m2023.08.05 16:40:27 INFO  no build target: using presentation compiler with only scala-library: 3.1.0[0m
8月 05, 2023 4:40:29 午後 org.eclipse.lsp4j.jsonrpc.RemoteEndpoint handleCancellation
警告: Unmatched cancel notification for request id 4
[0m2023.08.05 16:40:35 INFO  time: indexed workspace in 12s[0m
[0m2023.08.05 16:40:35 WARN  unsupported Scala 2.13.8[0m
[0m2023.08.05 16:40:35 INFO  compiling ink (1 scala source)[0m
[0m2023.08.05 16:40:39 INFO  no build target: using presentation compiler with only scala-library: 2.13.7[0m
[0m2023.08.05 16:40:40 INFO  time: compiled ink in 4.97s[0m
[0m2023.08.05 16:40:40 WARN  unsupported Scala 2.13.8[0m
[0m2023.08.05 16:40:40 INFO  compiling ink (1 scala source)[0m
[0m2023.08.05 16:40:40 INFO  time: compiled ink in 0.36s[0m
[0m2023.08.05 16:41:01 INFO  compiling ink (1 scala source)[0m
[0m2023.08.05 16:41:01 INFO  time: compiled ink in 0.35s[0m
[0m2023.08.05 16:41:01 INFO  compiling ink (1 scala source)[0m
[0m2023.08.05 16:41:01 INFO  time: compiled ink in 0.27s[0m
[0m2023.08.05 16:41:13 WARN  unsupported Scala 2.13.8[0m
[0m2023.08.05 16:41:13 WARN  unsupported Scala 2.13.8[0m
8月 05, 2023 4:41:39 午後 org.eclipse.lsp4j.jsonrpc.RemoteEndpoint fallbackResponseError
重大: Internal error: scala.meta.internal.metals.debug.WorkspaceErrorsException$: Cannot run class, since the workspace has errors.
java.util.concurrent.CompletionException: scala.meta.internal.metals.debug.WorkspaceErrorsException$: Cannot run class, since the workspace has errors.
	at java.base/java.util.concurrent.CompletableFuture.encodeThrowable(CompletableFuture.java:331)
	at java.base/java.util.concurrent.CompletableFuture.completeThrowable(CompletableFuture.java:346)
	at java.base/java.util.concurrent.CompletableFuture$UniAccept.tryFire(CompletableFuture.java:704)
	at java.base/java.util.concurrent.CompletableFuture.postComplete(CompletableFuture.java:506)
	at java.base/java.util.concurrent.CompletableFuture.completeExceptionally(CompletableFuture.java:2088)
	at scala.concurrent.java8.FuturesConvertersImpl$CF.apply(FutureConvertersImpl.scala:29)
	at scala.concurrent.java8.FuturesConvertersImpl$CF.apply(FutureConvertersImpl.scala:26)
	at scala.concurrent.impl.CallbackRunnable.run(Promise.scala:64)
	at scala.concurrent.BatchingExecutor$Batch.processBatch$1(BatchingExecutor.scala:67)
	at scala.concurrent.BatchingExecutor$Batch.$anonfun$run$1(BatchingExecutor.scala:82)
	at scala.runtime.java8.JFunction0$mcV$sp.apply(JFunction0$mcV$sp.java:23)
	at scala.concurrent.BlockContext$.withBlockContext(BlockContext.scala:85)
	at scala.concurrent.BatchingExecutor$Batch.run(BatchingExecutor.scala:59)
	at scala.concurrent.Future$InternalCallbackExecutor$.unbatchedExecute(Future.scala:875)
	at scala.concurrent.BatchingExecutor.execute(BatchingExecutor.scala:110)
	at scala.concurrent.BatchingExecutor.execute$(BatchingExecutor.scala:107)
	at scala.concurrent.Future$InternalCallbackExecutor$.execute(Future.scala:873)
	at scala.concurrent.impl.CallbackRunnable.executeWithValue(Promise.scala:72)
	at scala.concurrent.impl.Promise$DefaultPromise.$anonfun$tryComplete$1(Promise.scala:288)
	at scala.concurrent.impl.Promise$DefaultPromise.$anonfun$tryComplete$1$adapted(Promise.scala:288)
	at scala.concurrent.impl.Promise$DefaultPromise.tryComplete(Promise.scala:288)
	at scala.concurrent.Promise.complete(Promise.scala:53)
	at scala.concurrent.Promise.complete$(Promise.scala:52)
	at scala.concurrent.impl.Promise$DefaultPromise.complete(Promise.scala:187)
	at scala.concurrent.impl.Promise.$anonfun$transformWith$1(Promise.scala:42)
	at scala.concurrent.impl.CallbackRunnable.run(Promise.scala:64)
	at java.base/java.util.concurrent.ThreadPoolExecutor.runWorker(ThreadPoolExecutor.java:1128)
	at java.base/java.util.concurrent.ThreadPoolExecutor$Worker.run(ThreadPoolExecutor.java:628)
	at java.base/java.lang.Thread.run(Thread.java:829)
Caused by: scala.meta.internal.metals.debug.WorkspaceErrorsException$: Cannot run class, since the workspace has errors.
	at scala.meta.internal.metals.debug.WorkspaceErrorsException$.<clinit>(DebugProvider.scala)
	at scala.meta.internal.metals.debug.DebugProvider.$anonfun$resolveMainClassParams$2(DebugProvider.scala:359)
	at scala.concurrent.Future.$anonfun$flatMap$1(Future.scala:307)
	at scala.concurrent.impl.Promise.$anonfun$transformWith$1(Promise.scala:41)
	... 4 more

[0m2023.08.05 16:41:55 WARN  unsupported Scala 2.13.8[0m
[0m2023.08.05 16:47:21 WARN  unsupported Scala 2.12.17[0m
[0m2023.08.05 16:47:21 WARN  unsupported Scala 2.12.17[0m
8月 05, 2023 4:48:03 午後 org.eclipse.lsp4j.jsonrpc.RemoteEndpoint handleCancellation
警告: Unmatched cancel notification for request id 26
[0m2023.08.05 16:48:04 WARN  unsupported Scala 2.13.8[0m
[0m2023.08.05 16:48:04 WARN  unsupported Scala 2.13.8[0m
[0m2023.08.05 17:29:42 WARN  unsupported Scala 2.13.8[0m
[0m2023.08.05 17:29:47 WARN  unsupported Scala 2.13.8[0m
8月 05, 2023 5:29:58 午後 org.eclipse.lsp4j.jsonrpc.RemoteEndpoint fallbackResponseError
重大: Internal error: scala.meta.internal.metals.debug.WorkspaceErrorsException$: Cannot run class, since the workspace has errors.
java.util.concurrent.CompletionException: scala.meta.internal.metals.debug.WorkspaceErrorsException$: Cannot run class, since the workspace has errors.
	at java.base/java.util.concurrent.CompletableFuture.encodeThrowable(CompletableFuture.java:331)
	at java.base/java.util.concurrent.CompletableFuture.completeThrowable(CompletableFuture.java:346)
	at java.base/java.util.concurrent.CompletableFuture$UniAccept.tryFire(CompletableFuture.java:704)
	at java.base/java.util.concurrent.CompletableFuture.postComplete(CompletableFuture.java:506)
	at java.base/java.util.concurrent.CompletableFuture.completeExceptionally(CompletableFuture.java:2088)
	at scala.concurrent.java8.FuturesConvertersImpl$CF.apply(FutureConvertersImpl.scala:29)
	at scala.concurrent.java8.FuturesConvertersImpl$CF.apply(FutureConvertersImpl.scala:26)
	at scala.concurrent.impl.CallbackRunnable.run(Promise.scala:64)
	at scala.concurrent.BatchingExecutor$Batch.processBatch$1(BatchingExecutor.scala:67)
	at scala.concurrent.BatchingExecutor$Batch.$anonfun$run$1(BatchingExecutor.scala:82)
	at scala.runtime.java8.JFunction0$mcV$sp.apply(JFunction0$mcV$sp.java:23)
	at scala.concurrent.BlockContext$.withBlockContext(BlockContext.scala:85)
	at scala.concurrent.BatchingExecutor$Batch.run(BatchingExecutor.scala:59)
	at scala.concurrent.Future$InternalCallbackExecutor$.unbatchedExecute(Future.scala:875)
	at scala.concurrent.BatchingExecutor.execute(BatchingExecutor.scala:110)
	at scala.concurrent.BatchingExecutor.execute$(BatchingExecutor.scala:107)
	at scala.concurrent.Future$InternalCallbackExecutor$.execute(Future.scala:873)
	at scala.concurrent.impl.CallbackRunnable.executeWithValue(Promise.scala:72)
	at scala.concurrent.impl.Promise$DefaultPromise.$anonfun$tryComplete$1(Promise.scala:288)
	at scala.concurrent.impl.Promise$DefaultPromise.$anonfun$tryComplete$1$adapted(Promise.scala:288)
	at scala.concurrent.impl.Promise$DefaultPromise.tryComplete(Promise.scala:288)
	at scala.concurrent.Promise.complete(Promise.scala:53)
	at scala.concurrent.Promise.complete$(Promise.scala:52)
	at scala.concurrent.impl.Promise$DefaultPromise.complete(Promise.scala:187)
	at scala.concurrent.impl.Promise.$anonfun$transformWith$1(Promise.scala:42)
	at scala.concurrent.impl.CallbackRunnable.run(Promise.scala:64)
	at java.base/java.util.concurrent.ThreadPoolExecutor.runWorker(ThreadPoolExecutor.java:1128)
	at java.base/java.util.concurrent.ThreadPoolExecutor$Worker.run(ThreadPoolExecutor.java:628)
	at java.base/java.lang.Thread.run(Thread.java:829)
Caused by: scala.meta.internal.metals.debug.WorkspaceErrorsException$: Cannot run class, since the workspace has errors.
	at scala.meta.internal.metals.debug.WorkspaceErrorsException$.<clinit>(DebugProvider.scala)
	at scala.meta.internal.metals.debug.DebugProvider.$anonfun$resolveMainClassParams$2(DebugProvider.scala:359)
	at scala.concurrent.Future.$anonfun$flatMap$1(Future.scala:307)
	at scala.concurrent.impl.Promise.$anonfun$transformWith$1(Promise.scala:41)
	... 4 more

[0m2023.08.05 17:30:06 INFO  shutting down Metals[0m
[0m2023.08.05 17:30:06 INFO  Shut down connection with build server.[0m
[0m2023.08.05 17:30:06 INFO  Shut down connection with build server.[0m
No more data in the server stdin, exiting...
No more data in the server stdin, exiting...
No more data in the server stdin, exiting...
No more data in the server stdin, exiting...
No more data in the client stdin, exiting...
No more data in the client stdin, exiting...
[0m2023.08.05 17:30:15 INFO  Started: Metals version 0.10.9 in workspace '/Users/tabatamisaki/Desktop/ichikawapc-0603/ink' for client Visual Studio Code 1.56.0.[0m
[0m2023.08.05 17:30:19 INFO  time: initialize in 4.34s[0m
[0m2023.08.05 17:30:20 INFO  Attempting to connect to the build server...[0m
Starting the bsp launcher for bloop...
Opening a bsp server connection with 'bsp --protocol local --socket /var/folders/sc/6d61zbhn4xsfgpk24jzfz7nm0000gn/T/bsp-launcher12059881162939410979/bsp.socket'...
Waiting for the bsp connection to come up...
[0m2023.08.05 17:30:19 INFO  skipping build import with status 'Requested'[0m
[0m[32m[D][0m Loading workspace settings from bloop.settings.json
[0m[32m[D][0m Waiting for a connection at local:///var/folders/sc/6d61zbhn4xsfgpk24jzfz7nm0000gn/T/bsp-launcher12059881162939410979/bsp.socket...
The server is listening for incoming connections at local:///var/folders/sc/6d61zbhn4xsfgpk24jzfz7nm0000gn/T/bsp-launcher12059881162939410979/bsp.socket...
Starting thread that pumps stdin and redirects it to the bsp server...
Starting thread that pumps server stdout and redirects it to the client stdout...
[0m2023.08.05 17:30:21 INFO  tracing is disabled for protocol BSP, to enable tracing of incoming and outgoing JSON messages create an empty file at /Users/tabatamisaki/Library/Caches/org.scalameta.metals/bsp.trace.json[0m
[0m2023.08.05 17:30:21 INFO  Attempting to connect to the build server...[0m
Starting the bsp launcher for bloop...
Opening a bsp server connection with 'bsp --protocol local --socket /var/folders/sc/6d61zbhn4xsfgpk24jzfz7nm0000gn/T/bsp-launcher12809588787818773070/bsp.socket'...
Waiting for the bsp connection to come up...
[0m[32m[D][0m Loading workspace settings from bloop.settings.json
[0m[32m[D][0m Waiting for a connection at local:///var/folders/sc/6d61zbhn4xsfgpk24jzfz7nm0000gn/T/bsp-launcher12809588787818773070/bsp.socket...
The server is listening for incoming connections at local:///var/folders/sc/6d61zbhn4xsfgpk24jzfz7nm0000gn/T/bsp-launcher12809588787818773070/bsp.socket...
Starting thread that pumps stdin and redirects it to the bsp server...
Starting thread that pumps server stdout and redirects it to the client stdout...
[0m2023.08.05 17:30:21 INFO  tracing is disabled for protocol BSP, to enable tracing of incoming and outgoing JSON messages create an empty file at /Users/tabatamisaki/Library/Caches/org.scalameta.metals/bsp.trace.json[0m
[0m2023.08.05 17:30:21 INFO  time: Connected to build server in 1.18s[0m
[0m2023.08.05 17:30:21 INFO  Connected to Build server: Bloop v1.4.11[0m
[0m2023.08.05 17:30:22 INFO  time: Imported build in 0.28s[0m
[0m2023.08.05 17:30:22 INFO  compiling ink (1 scala source)[0m
[0m2023.08.05 17:30:22 INFO  time: compiled ink in 0.68s[0m
8月 05, 2023 5:30:23 午後 org.eclipse.lsp4j.jsonrpc.RemoteEndpoint fallbackResponseError
重大: Internal error: scala.meta.internal.metals.debug.WorkspaceErrorsException$: Cannot run class, since the workspace has errors.
java.util.concurrent.CompletionException: scala.meta.internal.metals.debug.WorkspaceErrorsException$: Cannot run class, since the workspace has errors.
	at java.base/java.util.concurrent.CompletableFuture.encodeThrowable(CompletableFuture.java:331)
	at java.base/java.util.concurrent.CompletableFuture.completeThrowable(CompletableFuture.java:346)
	at java.base/java.util.concurrent.CompletableFuture$UniAccept.tryFire(CompletableFuture.java:704)
	at java.base/java.util.concurrent.CompletableFuture.postComplete(CompletableFuture.java:506)
	at java.base/java.util.concurrent.CompletableFuture.completeExceptionally(CompletableFuture.java:2088)
	at scala.concurrent.java8.FuturesConvertersImpl$CF.apply(FutureConvertersImpl.scala:29)
	at scala.concurrent.java8.FuturesConvertersImpl$CF.apply(FutureConvertersImpl.scala:26)
	at scala.concurrent.impl.CallbackRunnable.run(Promise.scala:64)
	at scala.concurrent.BatchingExecutor$Batch.processBatch$1(BatchingExecutor.scala:67)
	at scala.concurrent.BatchingExecutor$Batch.$anonfun$run$1(BatchingExecutor.scala:82)
	at scala.runtime.java8.JFunction0$mcV$sp.apply(JFunction0$mcV$sp.java:23)
	at scala.concurrent.BlockContext$.withBlockContext(BlockContext.scala:85)
	at scala.concurrent.BatchingExecutor$Batch.run(BatchingExecutor.scala:59)
	at scala.concurrent.Future$InternalCallbackExecutor$.unbatchedExecute(Future.scala:875)
	at scala.concurrent.BatchingExecutor.execute(BatchingExecutor.scala:110)
	at scala.concurrent.BatchingExecutor.execute$(BatchingExecutor.scala:107)
	at scala.concurrent.Future$InternalCallbackExecutor$.execute(Future.scala:873)
	at scala.concurrent.impl.CallbackRunnable.executeWithValue(Promise.scala:72)
	at scala.concurrent.impl.Promise$DefaultPromise.$anonfun$tryComplete$1(Promise.scala:288)
	at scala.concurrent.impl.Promise$DefaultPromise.$anonfun$tryComplete$1$adapted(Promise.scala:288)
	at scala.concurrent.impl.Promise$DefaultPromise.tryComplete(Promise.scala:288)
	at scala.concurrent.Promise.complete(Promise.scala:53)
	at scala.concurrent.Promise.complete$(Promise.scala:52)
	at scala.concurrent.impl.Promise$DefaultPromise.complete(Promise.scala:187)
	at scala.concurrent.impl.Promise.$anonfun$transformWith$1(Promise.scala:42)
	at scala.concurrent.impl.CallbackRunnable.run(Promise.scala:64)
	at java.base/java.util.concurrent.ThreadPoolExecutor.runWorker(ThreadPoolExecutor.java:1128)
	at java.base/java.util.concurrent.ThreadPoolExecutor$Worker.run(ThreadPoolExecutor.java:628)
	at java.base/java.lang.Thread.run(Thread.java:829)
Caused by: scala.meta.internal.metals.debug.WorkspaceErrorsException$: Cannot run class, since the workspace has errors.
	at scala.meta.internal.metals.debug.WorkspaceErrorsException$.<clinit>(DebugProvider.scala)
	at scala.meta.internal.metals.debug.DebugProvider.$anonfun$resolveMainClassParams$2(DebugProvider.scala:359)
	at scala.concurrent.Future.$anonfun$flatMap$1(Future.scala:307)
	at scala.concurrent.impl.Promise.$anonfun$transformWith$1(Promise.scala:41)
	... 4 more

[0m2023.08.05 17:30:28 INFO  time: indexed workspace in 6.53s[0m
[0m2023.08.05 17:30:28 WARN  unsupported Scala 2.13.8[0m
[0m2023.08.05 17:30:28 INFO  compiling ink (1 scala source)[0m
[0m2023.08.05 17:30:31 WARN  unsupported Scala 2.13.8[0m
[0m2023.08.05 17:30:34 INFO  no build target: using presentation compiler with only scala-library: 2.13.7[0m
[0m2023.08.05 17:30:35 INFO  time: compiled ink in 6.28s[0m
[0m2023.08.05 17:30:35 WARN  unsupported Scala 2.13.8[0m
[0m2023.08.05 17:30:35 INFO  compiling ink (1 scala source)[0m
[0m2023.08.05 17:30:35 WARN  unsupported Scala 2.12.17[0m
[0m2023.08.05 17:30:35 INFO  time: compiled ink in 0.25s[0m
[0m2023.08.05 17:30:37 WARN  unsupported Scala 2.12.17[0m
[0m2023.08.05 17:30:38 INFO  time: code lens generation in 2.55s[0m
[0m2023.08.05 17:30:38 INFO  time: code lens generation in 3.12s[0m
8月 05, 2023 5:30:58 午後 org.eclipse.lsp4j.jsonrpc.RemoteEndpoint fallbackResponseError
重大: Internal error: scala.meta.internal.metals.debug.WorkspaceErrorsException$: Cannot run class, since the workspace has errors.
java.util.concurrent.CompletionException: scala.meta.internal.metals.debug.WorkspaceErrorsException$: Cannot run class, since the workspace has errors.
	at java.base/java.util.concurrent.CompletableFuture.encodeThrowable(CompletableFuture.java:331)
	at java.base/java.util.concurrent.CompletableFuture.completeThrowable(CompletableFuture.java:346)
	at java.base/java.util.concurrent.CompletableFuture$UniAccept.tryFire(CompletableFuture.java:704)
	at java.base/java.util.concurrent.CompletableFuture.postComplete(CompletableFuture.java:506)
	at java.base/java.util.concurrent.CompletableFuture.completeExceptionally(CompletableFuture.java:2088)
	at scala.concurrent.java8.FuturesConvertersImpl$CF.apply(FutureConvertersImpl.scala:29)
	at scala.concurrent.java8.FuturesConvertersImpl$CF.apply(FutureConvertersImpl.scala:26)
	at scala.concurrent.impl.CallbackRunnable.run(Promise.scala:64)
	at scala.concurrent.BatchingExecutor$Batch.processBatch$1(BatchingExecutor.scala:67)
	at scala.concurrent.BatchingExecutor$Batch.$anonfun$run$1(BatchingExecutor.scala:82)
	at scala.runtime.java8.JFunction0$mcV$sp.apply(JFunction0$mcV$sp.java:23)
	at scala.concurrent.BlockContext$.withBlockContext(BlockContext.scala:85)
	at scala.concurrent.BatchingExecutor$Batch.run(BatchingExecutor.scala:59)
	at scala.concurrent.Future$InternalCallbackExecutor$.unbatchedExecute(Future.scala:875)
	at scala.concurrent.BatchingExecutor.execute(BatchingExecutor.scala:110)
	at scala.concurrent.BatchingExecutor.execute$(BatchingExecutor.scala:107)
	at scala.concurrent.Future$InternalCallbackExecutor$.execute(Future.scala:873)
	at scala.concurrent.impl.CallbackRunnable.executeWithValue(Promise.scala:72)
	at scala.concurrent.impl.Promise$DefaultPromise.$anonfun$tryComplete$1(Promise.scala:288)
	at scala.concurrent.impl.Promise$DefaultPromise.$anonfun$tryComplete$1$adapted(Promise.scala:288)
	at scala.concurrent.impl.Promise$DefaultPromise.tryComplete(Promise.scala:288)
	at scala.concurrent.Promise.complete(Promise.scala:53)
	at scala.concurrent.Promise.complete$(Promise.scala:52)
	at scala.concurrent.impl.Promise$DefaultPromise.complete(Promise.scala:187)
	at scala.concurrent.impl.Promise.$anonfun$transformWith$1(Promise.scala:42)
	at scala.concurrent.impl.CallbackRunnable.run(Promise.scala:64)
	at java.base/java.util.concurrent.ThreadPoolExecutor.runWorker(ThreadPoolExecutor.java:1128)
	at java.base/java.util.concurrent.ThreadPoolExecutor$Worker.run(ThreadPoolExecutor.java:628)
	at java.base/java.lang.Thread.run(Thread.java:829)
Caused by: scala.meta.internal.metals.debug.WorkspaceErrorsException$: Cannot run class, since the workspace has errors.
	at scala.meta.internal.metals.debug.WorkspaceErrorsException$.<clinit>(DebugProvider.scala)
	at scala.meta.internal.metals.debug.DebugProvider.$anonfun$resolveMainClassParams$2(DebugProvider.scala:359)
	at scala.concurrent.Future.$anonfun$flatMap$1(Future.scala:307)
	at scala.concurrent.impl.Promise.$anonfun$transformWith$1(Promise.scala:41)
	... 4 more

[0m2023.08.05 17:31:43 INFO  shutting down Metals[0m
[0m2023.08.05 17:31:43 INFO  Shut down connection with build server.[0m
[0m2023.08.05 17:31:43 INFO  Shut down connection with build server.[0m
No more data in the client stdin, exiting...
No more data in the client stdin, exiting...
No more data in the server stdin, exiting...
No more data in the server stdin, exiting...
No more data in the server stdin, exiting...
No more data in the server stdin, exiting...
[0m2023.08.05 17:32:04 INFO  Started: Metals version 0.10.9 in workspace '/Users/tabatamisaki/Desktop/ichikawapc-0603/ink' for client Visual Studio Code 1.56.0.[0m
[0m2023.08.05 17:32:08 INFO  time: initialize in 4.51s[0m
[0m2023.08.05 17:32:09 INFO  Attempting to connect to the build server...[0m
Starting the bsp launcher for bloop...
Opening a bsp server connection with 'bsp --protocol local --socket /var/folders/sc/6d61zbhn4xsfgpk24jzfz7nm0000gn/T/bsp-launcher11174297475429491090/bsp.socket'...
Waiting for the bsp connection to come up...
[0m2023.08.05 17:32:09 INFO  skipping build import with status 'Requested'[0m
[0m[32m[D][0m Loading workspace settings from bloop.settings.json
[0m[32m[D][0m Waiting for a connection at local:///var/folders/sc/6d61zbhn4xsfgpk24jzfz7nm0000gn/T/bsp-launcher11174297475429491090/bsp.socket...
The server is listening for incoming connections at local:///var/folders/sc/6d61zbhn4xsfgpk24jzfz7nm0000gn/T/bsp-launcher11174297475429491090/bsp.socket...
Starting thread that pumps stdin and redirects it to the bsp server...
Starting thread that pumps server stdout and redirects it to the client stdout...
[0m2023.08.05 17:32:10 INFO  tracing is disabled for protocol BSP, to enable tracing of incoming and outgoing JSON messages create an empty file at /Users/tabatamisaki/Library/Caches/org.scalameta.metals/bsp.trace.json[0m
[0m2023.08.05 17:32:10 INFO  Attempting to connect to the build server...[0m
Starting the bsp launcher for bloop...
Opening a bsp server connection with 'bsp --protocol local --socket /var/folders/sc/6d61zbhn4xsfgpk24jzfz7nm0000gn/T/bsp-launcher10006399151216548715/bsp.socket'...
Waiting for the bsp connection to come up...
[0m[32m[D][0m Loading workspace settings from bloop.settings.json
[0m[32m[D][0m Waiting for a connection at local:///var/folders/sc/6d61zbhn4xsfgpk24jzfz7nm0000gn/T/bsp-launcher10006399151216548715/bsp.socket...
The server is listening for incoming connections at local:///var/folders/sc/6d61zbhn4xsfgpk24jzfz7nm0000gn/T/bsp-launcher10006399151216548715/bsp.socket...
Starting thread that pumps stdin and redirects it to the bsp server...
Starting thread that pumps server stdout and redirects it to the client stdout...
[0m2023.08.05 17:32:10 INFO  tracing is disabled for protocol BSP, to enable tracing of incoming and outgoing JSON messages create an empty file at /Users/tabatamisaki/Library/Caches/org.scalameta.metals/bsp.trace.json[0m
[0m2023.08.05 17:32:10 INFO  time: Connected to build server in 1.49s[0m
[0m2023.08.05 17:32:10 INFO  Connected to Build server: Bloop v1.4.11[0m
[0m2023.08.05 17:32:11 INFO  time: Imported build in 0.25s[0m
[0m2023.08.05 17:32:12 WARN  no build target for: /Users/tabatamisaki/Desktop/ichikawapc-0603/ink/src/main/scala/Main.scala[0m
[0m2023.08.05 17:32:17 INFO  no build target: using presentation compiler with only scala-library: 3.1.0[0m
8月 05, 2023 5:32:20 午後 org.eclipse.lsp4j.jsonrpc.RemoteEndpoint fallbackResponseError
重大: Internal error: java.lang.ClassNotFoundException: Main
java.util.concurrent.CompletionException: java.lang.ClassNotFoundException: Main
	at java.base/java.util.concurrent.CompletableFuture.encodeThrowable(CompletableFuture.java:331)
	at java.base/java.util.concurrent.CompletableFuture.completeThrowable(CompletableFuture.java:346)
	at java.base/java.util.concurrent.CompletableFuture$UniAccept.tryFire(CompletableFuture.java:704)
	at java.base/java.util.concurrent.CompletableFuture.postComplete(CompletableFuture.java:506)
	at java.base/java.util.concurrent.CompletableFuture.completeExceptionally(CompletableFuture.java:2088)
	at scala.concurrent.java8.FuturesConvertersImpl$CF.apply(FutureConvertersImpl.scala:29)
	at scala.concurrent.java8.FuturesConvertersImpl$CF.apply(FutureConvertersImpl.scala:26)
	at scala.concurrent.impl.CallbackRunnable.run(Promise.scala:64)
	at scala.concurrent.BatchingExecutor$Batch.processBatch$1(BatchingExecutor.scala:67)
	at scala.concurrent.BatchingExecutor$Batch.$anonfun$run$1(BatchingExecutor.scala:82)
	at scala.runtime.java8.JFunction0$mcV$sp.apply(JFunction0$mcV$sp.java:23)
	at scala.concurrent.BlockContext$.withBlockContext(BlockContext.scala:85)
	at scala.concurrent.BatchingExecutor$Batch.run(BatchingExecutor.scala:59)
	at scala.concurrent.Future$InternalCallbackExecutor$.unbatchedExecute(Future.scala:875)
	at scala.concurrent.BatchingExecutor.execute(BatchingExecutor.scala:110)
	at scala.concurrent.BatchingExecutor.execute$(BatchingExecutor.scala:107)
	at scala.concurrent.Future$InternalCallbackExecutor$.execute(Future.scala:873)
	at scala.concurrent.impl.CallbackRunnable.executeWithValue(Promise.scala:72)
	at scala.concurrent.impl.Promise$DefaultPromise.$anonfun$tryComplete$1(Promise.scala:288)
	at scala.concurrent.impl.Promise$DefaultPromise.$anonfun$tryComplete$1$adapted(Promise.scala:288)
	at scala.concurrent.impl.Promise$DefaultPromise.tryComplete(Promise.scala:288)
	at scala.concurrent.Promise.complete(Promise.scala:53)
	at scala.concurrent.Promise.complete$(Promise.scala:52)
	at scala.concurrent.impl.Promise$DefaultPromise.complete(Promise.scala:187)
	at scala.concurrent.impl.Promise.$anonfun$transformWith$1(Promise.scala:42)
	at scala.concurrent.impl.CallbackRunnable.run(Promise.scala:64)
	at java.base/java.util.concurrent.ThreadPoolExecutor.runWorker(ThreadPoolExecutor.java:1128)
	at java.base/java.util.concurrent.ThreadPoolExecutor$Worker.run(ThreadPoolExecutor.java:628)
	at java.base/java.lang.Thread.run(Thread.java:829)
Caused by: java.lang.ClassNotFoundException: Main
	at scala.meta.internal.metals.debug.BuildTargetClassesFinder.$anonfun$findClassAndBuildTarget$1(BuildTargetClassesFinder.scala:107)
	at scala.Option.fold(Option.scala:251)
	at scala.meta.internal.metals.debug.BuildTargetClassesFinder.findClassAndBuildTarget(BuildTargetClassesFinder.scala:108)
	at scala.meta.internal.metals.debug.BuildTargetClassesFinder.findMainClassAndItsBuildTarget(BuildTargetClassesFinder.scala:36)
	at scala.meta.internal.metals.debug.DebugProvider.$anonfun$resolveMainClassParams$1(DebugProvider.scala:355)
	at scala.meta.internal.metals.debug.DebugProvider$$anonfun$withRebuildRetry$1.$anonfun$applyOrElse$5(DebugProvider.scala:584)
	at scala.concurrent.Future.$anonfun$flatMap$1(Future.scala:307)
	at scala.concurrent.impl.Promise.$anonfun$transformWith$1(Promise.scala:41)
	... 4 more

[0m2023.08.05 17:32:20 INFO  time: code lens generation in 9.61s[0m
[0m2023.08.05 17:32:26 INFO  time: indexed workspace in 14s[0m
[0m2023.08.05 17:32:26 WARN  unsupported Scala 2.13.8[0m
[0m2023.08.05 17:32:26 INFO  compiling ink (1 scala source)[0m
[0m2023.08.05 17:32:30 INFO  no build target: using presentation compiler with only scala-library: 2.13.7[0m
[0m2023.08.05 17:32:31 INFO  time: compiled ink in 5.17s[0m
[0m2023.08.05 17:32:31 WARN  unsupported Scala 2.13.8[0m
[0m2023.08.05 17:32:31 INFO  compiling ink (1 scala source)[0m
[0m2023.08.05 17:32:31 INFO  time: compiled ink in 0.2s[0m
[0m2023.08.05 17:32:38 WARN  unsupported Scala 2.13.8[0m
[0m2023.08.05 17:32:40 WARN  unsupported Scala 2.13.8[0m
[0m2023.08.05 17:32:44 WARN  unsupported Scala 2.13.8[0m
[0m2023.08.05 17:32:53 WARN  unsupported Scala 2.13.8[0m
[0m2023.08.05 17:32:53 WARN  unsupported Scala 2.13.8[0m
[0m2023.08.05 17:32:54 WARN  unsupported Scala 2.13.8[0m
[0m2023.08.05 17:32:56 WARN  unsupported Scala 2.13.8[0m
[0m2023.08.05 17:33:03 WARN  unsupported Scala 2.13.8[0m
[0m2023.08.05 17:35:51 WARN  unsupported Scala 2.13.8[0m
[0m2023.08.05 17:35:51 WARN  unsupported Scala 2.13.8[0m
[0m2023.08.05 17:35:52 WARN  unsupported Scala 2.13.8[0m
[0m2023.08.05 17:37:50 WARN  unsupported Scala 2.13.8[0m
[0m2023.08.05 17:37:52 WARN  unsupported Scala 2.13.8[0m
[0m2023.08.05 17:37:55 WARN  unsupported Scala 2.12.17[0m
[0m2023.08.05 17:37:55 WARN  unsupported Scala 2.12.17[0m
8月 05, 2023 5:38:29 午後 org.eclipse.lsp4j.jsonrpc.RemoteEndpoint fallbackResponseError
重大: Internal error: scala.meta.internal.metals.debug.WorkspaceErrorsException$: Cannot run class, since the workspace has errors.
java.util.concurrent.CompletionException: scala.meta.internal.metals.debug.WorkspaceErrorsException$: Cannot run class, since the workspace has errors.
	at java.base/java.util.concurrent.CompletableFuture.encodeThrowable(CompletableFuture.java:331)
	at java.base/java.util.concurrent.CompletableFuture.completeThrowable(CompletableFuture.java:346)
	at java.base/java.util.concurrent.CompletableFuture$UniAccept.tryFire(CompletableFuture.java:704)
	at java.base/java.util.concurrent.CompletableFuture.postComplete(CompletableFuture.java:506)
	at java.base/java.util.concurrent.CompletableFuture.completeExceptionally(CompletableFuture.java:2088)
	at scala.concurrent.java8.FuturesConvertersImpl$CF.apply(FutureConvertersImpl.scala:29)
	at scala.concurrent.java8.FuturesConvertersImpl$CF.apply(FutureConvertersImpl.scala:26)
	at scala.concurrent.impl.CallbackRunnable.run(Promise.scala:64)
	at scala.concurrent.BatchingExecutor$Batch.processBatch$1(BatchingExecutor.scala:67)
	at scala.concurrent.BatchingExecutor$Batch.$anonfun$run$1(BatchingExecutor.scala:82)
	at scala.runtime.java8.JFunction0$mcV$sp.apply(JFunction0$mcV$sp.java:23)
	at scala.concurrent.BlockContext$.withBlockContext(BlockContext.scala:85)
	at scala.concurrent.BatchingExecutor$Batch.run(BatchingExecutor.scala:59)
	at scala.concurrent.Future$InternalCallbackExecutor$.unbatchedExecute(Future.scala:875)
	at scala.concurrent.BatchingExecutor.execute(BatchingExecutor.scala:110)
	at scala.concurrent.BatchingExecutor.execute$(BatchingExecutor.scala:107)
	at scala.concurrent.Future$InternalCallbackExecutor$.execute(Future.scala:873)
	at scala.concurrent.impl.CallbackRunnable.executeWithValue(Promise.scala:72)
	at scala.concurrent.impl.Promise$DefaultPromise.$anonfun$tryComplete$1(Promise.scala:288)
	at scala.concurrent.impl.Promise$DefaultPromise.$anonfun$tryComplete$1$adapted(Promise.scala:288)
	at scala.concurrent.impl.Promise$DefaultPromise.tryComplete(Promise.scala:288)
	at scala.concurrent.Promise.complete(Promise.scala:53)
	at scala.concurrent.Promise.complete$(Promise.scala:52)
	at scala.concurrent.impl.Promise$DefaultPromise.complete(Promise.scala:187)
	at scala.concurrent.impl.Promise.$anonfun$transformWith$1(Promise.scala:42)
	at scala.concurrent.impl.CallbackRunnable.run(Promise.scala:64)
	at java.base/java.util.concurrent.ThreadPoolExecutor.runWorker(ThreadPoolExecutor.java:1128)
	at java.base/java.util.concurrent.ThreadPoolExecutor$Worker.run(ThreadPoolExecutor.java:628)
	at java.base/java.lang.Thread.run(Thread.java:829)
Caused by: scala.meta.internal.metals.debug.WorkspaceErrorsException$: Cannot run class, since the workspace has errors.
	at scala.meta.internal.metals.debug.WorkspaceErrorsException$.<clinit>(DebugProvider.scala)
	at scala.meta.internal.metals.debug.DebugProvider.$anonfun$resolveMainClassParams$2(DebugProvider.scala:359)
	at scala.concurrent.Future.$anonfun$flatMap$1(Future.scala:307)
	at scala.concurrent.impl.Promise.$anonfun$transformWith$1(Promise.scala:41)
	... 4 more

[0m2023.08.05 17:45:19 WARN  unsupported Scala 2.13.8[0m
[0m2023.08.05 17:45:22 WARN  unsupported Scala 2.13.8[0m
8月 05, 2023 5:47:46 午後 org.eclipse.lsp4j.jsonrpc.RemoteEndpoint handleCancellation
警告: Unmatched cancel notification for request id 54
[0m2023.08.05 17:48:18 WARN  unsupported Scala 2.12.17[0m
8月 05, 2023 5:48:23 午後 org.eclipse.lsp4j.jsonrpc.RemoteEndpoint handleCancellation
警告: Unmatched cancel notification for request id 62
[0m2023.08.05 17:48:28 WARN  unsupported Scala 2.13.8[0m
8月 05, 2023 5:48:33 午後 org.eclipse.lsp4j.jsonrpc.RemoteEndpoint fallbackResponseError
重大: Internal error: scala.meta.internal.metals.debug.WorkspaceErrorsException$: Cannot run class, since the workspace has errors.
java.util.concurrent.CompletionException: scala.meta.internal.metals.debug.WorkspaceErrorsException$: Cannot run class, since the workspace has errors.
	at java.base/java.util.concurrent.CompletableFuture.encodeThrowable(CompletableFuture.java:331)
	at java.base/java.util.concurrent.CompletableFuture.completeThrowable(CompletableFuture.java:346)
	at java.base/java.util.concurrent.CompletableFuture$UniAccept.tryFire(CompletableFuture.java:704)
	at java.base/java.util.concurrent.CompletableFuture.postComplete(CompletableFuture.java:506)
	at java.base/java.util.concurrent.CompletableFuture.completeExceptionally(CompletableFuture.java:2088)
	at scala.concurrent.java8.FuturesConvertersImpl$CF.apply(FutureConvertersImpl.scala:29)
	at scala.concurrent.java8.FuturesConvertersImpl$CF.apply(FutureConvertersImpl.scala:26)
	at scala.concurrent.impl.CallbackRunnable.run(Promise.scala:64)
	at scala.concurrent.BatchingExecutor$Batch.processBatch$1(BatchingExecutor.scala:67)
	at scala.concurrent.BatchingExecutor$Batch.$anonfun$run$1(BatchingExecutor.scala:82)
	at scala.runtime.java8.JFunction0$mcV$sp.apply(JFunction0$mcV$sp.java:23)
	at scala.concurrent.BlockContext$.withBlockContext(BlockContext.scala:85)
	at scala.concurrent.BatchingExecutor$Batch.run(BatchingExecutor.scala:59)
	at scala.concurrent.Future$InternalCallbackExecutor$.unbatchedExecute(Future.scala:875)
	at scala.concurrent.BatchingExecutor.execute(BatchingExecutor.scala:110)
	at scala.concurrent.BatchingExecutor.execute$(BatchingExecutor.scala:107)
	at scala.concurrent.Future$InternalCallbackExecutor$.execute(Future.scala:873)
	at scala.concurrent.impl.CallbackRunnable.executeWithValue(Promise.scala:72)
	at scala.concurrent.impl.Promise$DefaultPromise.$anonfun$tryComplete$1(Promise.scala:288)
	at scala.concurrent.impl.Promise$DefaultPromise.$anonfun$tryComplete$1$adapted(Promise.scala:288)
	at scala.concurrent.impl.Promise$DefaultPromise.tryComplete(Promise.scala:288)
	at scala.concurrent.Promise.complete(Promise.scala:53)
	at scala.concurrent.Promise.complete$(Promise.scala:52)
	at scala.concurrent.impl.Promise$DefaultPromise.complete(Promise.scala:187)
	at scala.concurrent.impl.Promise.$anonfun$transformWith$1(Promise.scala:42)
	at scala.concurrent.impl.CallbackRunnable.run(Promise.scala:64)
	at java.base/java.util.concurrent.ThreadPoolExecutor.runWorker(ThreadPoolExecutor.java:1128)
	at java.base/java.util.concurrent.ThreadPoolExecutor$Worker.run(ThreadPoolExecutor.java:628)
	at java.base/java.lang.Thread.run(Thread.java:829)
Caused by: scala.meta.internal.metals.debug.WorkspaceErrorsException$: Cannot run class, since the workspace has errors.
	at scala.meta.internal.metals.debug.WorkspaceErrorsException$.<clinit>(DebugProvider.scala)
	at scala.meta.internal.metals.debug.DebugProvider.$anonfun$resolveMainClassParams$2(DebugProvider.scala:359)
	at scala.concurrent.Future.$anonfun$flatMap$1(Future.scala:307)
	at scala.concurrent.impl.Promise.$anonfun$transformWith$1(Promise.scala:41)
	... 4 more

[0m2023.08.08 20:52:37 INFO  shutting down Metals[0m
[0m2023.08.08 20:52:38 INFO  Shut down connection with build server.[0m
[0m2023.08.08 20:52:38 INFO  Shut down connection with build server.[0m
No more data in the server stdin, exiting...
No more data in the server stdin, exiting...
No more data in the client stdin, exiting...
No more data in the client stdin, exiting...
No more data in the server stdin, exiting...
No more data in the server stdin, exiting...
[0m2023.08.19 15:27:30 INFO  Started: Metals version 0.10.9 in workspace '/Users/tabatamisaki/Desktop/ichikawapc-0603/ink' for client Visual Studio Code 1.56.0.[0m
[0m2023.08.19 15:27:34 INFO  time: initialize in 4.45s[0m
[0m2023.08.19 15:27:35 WARN  Build server is not auto-connectable.[0m
[0m2023.08.19 15:27:35 INFO  skipping build import with status 'Requested'[0m
8月 19, 2023 3:27:54 午後 org.eclipse.lsp4j.jsonrpc.services.GenericEndpoint notify
情報: Unsupported notification method: $/setTrace
8月 19, 2023 3:36:23 午後 org.eclipse.lsp4j.jsonrpc.services.GenericEndpoint notify
情報: Unsupported notification method: $/setTrace
